<?xml version="1.0" encoding="UTF-8"?>
<!-- Generated by org.testng.reporters.JUnitReportReporter -->
<testsuite hostname="Veerendra-PC" name="com.hrm.tests.HRM_EX" tests="3" failures="0" timestamp="25 Oct 2019 03:50:55 GMT" time="21.990" errors="0">
  <testcase name="pagetitleverify" time="7.034" classname="com.hrm.tests.HRM_EX"/>
  <testcase name="verifylogin12" time="4.797" classname="com.hrm.tests.HRM_EX"/>
  <testcase name="verifylogin" time="10.159" classname="com.hrm.tests.HRM_EX"/>
</testsuite> <!-- com.hrm.tests.HRM_EX -->
